{
  "stats": {
    "suites": 5,
    "tests": 12,
    "passes": 12,
    "pending": 0,
    "failures": 0,
    "start": "2022-05-22T13:13:04.162Z",
    "end": "2022-05-22T13:13:12.824Z",
    "duration": 8662,
    "testsRegistered": 12,
    "passPercent": 100,
    "pendingPercent": 0,
    "other": 0,
    "hasOther": false,
    "skipped": 0,
    "hasSkipped": false
  },
  "results": [
    {
      "uuid": "632ec667-5750-49ac-b38d-6b16d896bbdd",
      "title": "",
      "fullFile": "",
      "file": "",
      "beforeHooks": [],
      "afterHooks": [],
      "tests": [],
      "suites": [
        {
          "uuid": "3af37252-1ecd-4c0d-ac17-1deddfa9479d",
          "title": "Creation blogposts with valid data",
          "fullFile": "D:\\repositories\\api-tests\\test\\posts.js",
          "file": "\\test\\posts.js",
          "beforeHooks": [
            {
              "title": "\"before all\" hook in \"Creation blogposts with valid data\"",
              "fullTitle": "Creation blogposts with valid data \"before all\" hook in \"Creation blogposts with valid data\"",
              "timedOut": false,
              "duration": 782,
              "state": null,
              "speed": null,
              "pass": false,
              "fail": false,
              "pending": false,
              "context": null,
              "code": "var self = this,\n    args = arguments;\nreturn new Promise(function (resolve, reject) {\n  var gen = fn.apply(self, args);\n  function _next(value) {\n    asyncGeneratorStep(gen, resolve, reject, _next, _throw, \"next\", value);\n  }\n  function _throw(err) {\n    asyncGeneratorStep(gen, resolve, reject, _next, _throw, \"throw\", err);\n  }\n  _next(undefined);\n});",
              "err": {},
              "uuid": "278fa348-191c-40e3-8806-39dc76890823",
              "parentUUID": "3af37252-1ecd-4c0d-ac17-1deddfa9479d",
              "isHook": true,
              "skipped": false
            }
          ],
          "afterHooks": [],
          "tests": [
            {
              "title": "Create a post",
              "fullTitle": "Creation blogposts with valid data Create a post",
              "timedOut": false,
              "duration": 704,
              "state": "passed",
              "speed": "slow",
              "pass": true,
              "fail": false,
              "pending": false,
              "context": null,
              "code": "var self = this,\n    args = arguments;\nreturn new Promise(function (resolve, reject) {\n  var gen = fn.apply(self, args);\n  function _next(value) {\n    asyncGeneratorStep(gen, resolve, reject, _next, _throw, \"next\", value);\n  }\n  function _throw(err) {\n    asyncGeneratorStep(gen, resolve, reject, _next, _throw, \"throw\", err);\n  }\n  _next(undefined);\n});",
              "err": {},
              "uuid": "837ccb4d-2744-4777-a17b-b150ac276224",
              "parentUUID": "3af37252-1ecd-4c0d-ac17-1deddfa9479d",
              "isHook": false,
              "skipped": false
            },
            {
              "title": "Get post undefined",
              "fullTitle": "Creation blogposts with valid data Get post undefined",
              "timedOut": false,
              "duration": 613,
              "state": "passed",
              "speed": "slow",
              "pass": true,
              "fail": false,
              "pending": false,
              "context": null,
              "code": "var self = this,\n    args = arguments;\nreturn new Promise(function (resolve, reject) {\n  var gen = fn.apply(self, args);\n  function _next(value) {\n    asyncGeneratorStep(gen, resolve, reject, _next, _throw, \"next\", value);\n  }\n  function _throw(err) {\n    asyncGeneratorStep(gen, resolve, reject, _next, _throw, \"throw\", err);\n  }\n  _next(undefined);\n});",
              "err": {},
              "uuid": "a689d2ce-6442-4adc-abb5-90b847653dcb",
              "parentUUID": "3af37252-1ecd-4c0d-ac17-1deddfa9479d",
              "isHook": false,
              "skipped": false
            }
          ],
          "suites": [],
          "passes": [
            "837ccb4d-2744-4777-a17b-b150ac276224",
            "a689d2ce-6442-4adc-abb5-90b847653dcb"
          ],
          "failures": [],
          "pending": [],
          "skipped": [],
          "duration": 1317,
          "root": false,
          "rootEmpty": false,
          "_timeout": 5000
        },
        {
          "uuid": "b250b674-ed1f-42a6-b69d-ef7aa2b2eecb",
          "title": "Negative tests. Creation blogposts",
          "fullFile": "D:\\repositories\\api-tests\\test\\posts.js",
          "file": "\\test\\posts.js",
          "beforeHooks": [
            {
              "title": "\"before all\" hook in \"Negative tests. Creation blogposts\"",
              "fullTitle": "Negative tests. Creation blogposts \"before all\" hook in \"Negative tests. Creation blogposts\"",
              "timedOut": false,
              "duration": 600,
              "state": null,
              "speed": null,
              "pass": false,
              "fail": false,
              "pending": false,
              "context": null,
              "code": "var self = this,\n    args = arguments;\nreturn new Promise(function (resolve, reject) {\n  var gen = fn.apply(self, args);\n  function _next(value) {\n    asyncGeneratorStep(gen, resolve, reject, _next, _throw, \"next\", value);\n  }\n  function _throw(err) {\n    asyncGeneratorStep(gen, resolve, reject, _next, _throw, \"throw\", err);\n  }\n  _next(undefined);\n});",
              "err": {},
              "uuid": "50140d67-f03b-4fab-bb07-4662ec5588dc",
              "parentUUID": "b250b674-ed1f-42a6-b69d-ef7aa2b2eecb",
              "isHook": true,
              "skipped": false
            }
          ],
          "afterHooks": [],
          "tests": [
            {
              "title": "401. Inability to create post if user not authorized",
              "fullTitle": "Negative tests. Creation blogposts 401. Inability to create post if user not authorized",
              "timedOut": false,
              "duration": 614,
              "state": "passed",
              "speed": "slow",
              "pass": true,
              "fail": false,
              "pending": false,
              "context": null,
              "code": "var self = this,\n    args = arguments;\nreturn new Promise(function (resolve, reject) {\n  var gen = fn.apply(self, args);\n  function _next(value) {\n    asyncGeneratorStep(gen, resolve, reject, _next, _throw, \"next\", value);\n  }\n  function _throw(err) {\n    asyncGeneratorStep(gen, resolve, reject, _next, _throw, \"throw\", err);\n  }\n  _next(undefined);\n});",
              "err": {},
              "uuid": "91eb23f7-7c1f-4d28-8c76-7eec99357696",
              "parentUUID": "b250b674-ed1f-42a6-b69d-ef7aa2b2eecb",
              "isHook": false,
              "skipped": false
            },
            {
              "title": "422. Inability to create post due to sending lack of data",
              "fullTitle": "Negative tests. Creation blogposts 422. Inability to create post due to sending lack of data",
              "timedOut": false,
              "duration": 612,
              "state": "passed",
              "speed": "slow",
              "pass": true,
              "fail": false,
              "pending": false,
              "context": null,
              "code": "var self = this,\n    args = arguments;\nreturn new Promise(function (resolve, reject) {\n  var gen = fn.apply(self, args);\n  function _next(value) {\n    asyncGeneratorStep(gen, resolve, reject, _next, _throw, \"next\", value);\n  }\n  function _throw(err) {\n    asyncGeneratorStep(gen, resolve, reject, _next, _throw, \"throw\", err);\n  }\n  _next(undefined);\n});",
              "err": {},
              "uuid": "f5adc0bb-c5c2-4411-9f34-725839afb465",
              "parentUUID": "b250b674-ed1f-42a6-b69d-ef7aa2b2eecb",
              "isHook": false,
              "skipped": false
            }
          ],
          "suites": [],
          "passes": [
            "91eb23f7-7c1f-4d28-8c76-7eec99357696",
            "f5adc0bb-c5c2-4411-9f34-725839afb465"
          ],
          "failures": [],
          "pending": [],
          "skipped": [],
          "duration": 1226,
          "root": false,
          "rootEmpty": false,
          "_timeout": 5000
        },
        {
          "uuid": "6ad80da8-0d8a-4b38-90bf-1e9b9f026cdd",
          "title": "Positive tests for CRUD users",
          "fullFile": "D:\\repositories\\api-tests\\test\\usersCRUD.js",
          "file": "\\test\\usersCRUD.js",
          "beforeHooks": [],
          "afterHooks": [],
          "tests": [
            {
              "title": "1. Create user account with valid data",
              "fullTitle": "Positive tests for CRUD users 1. Create user account with valid data",
              "timedOut": false,
              "duration": 611,
              "state": "passed",
              "speed": "slow",
              "pass": true,
              "fail": false,
              "pending": false,
              "context": null,
              "code": "return _supertest[\"default\"].post('/users').set('Authorization', \"Bearer \".concat(TOKEN)).send(USER_VALID_DATA).then(function (res) {\n  (0, _chai.expect)(res.body.code).to.deep.eq(201);\n  (0, _chai.expect)(res.body.data).to.deep.include(USER_VALID_DATA);\n  userId = res.body.data.id;\n  console.log(userId);\n});",
              "err": {},
              "uuid": "4c36341f-8516-4e4f-bbbb-98cee3d662b1",
              "parentUUID": "6ad80da8-0d8a-4b38-90bf-1e9b9f026cdd",
              "isHook": false,
              "skipped": false
            },
            {
              "title": "2. Get undefined user and verify that it has id=undefined",
              "fullTitle": "Positive tests for CRUD users 2. Get undefined user and verify that it has id=undefined",
              "timedOut": false,
              "duration": 549,
              "state": "passed",
              "speed": "slow",
              "pass": true,
              "fail": false,
              "pending": false,
              "context": null,
              "code": "return _supertest[\"default\"].get(\"/users/\".concat(userId, \"?access-token=\").concat(TOKEN)).then(function (res) {\n  (0, _chai.expect)(res.body.data.id).to.be.eq(userId);\n  console.log(userId);\n});",
              "err": {},
              "uuid": "c3f30919-1302-4a57-9e9c-9b18607c46c3",
              "parentUUID": "6ad80da8-0d8a-4b38-90bf-1e9b9f026cdd",
              "isHook": false,
              "skipped": false
            },
            {
              "title": "3. Update user name and satus attributes of undefined user ",
              "fullTitle": "Positive tests for CRUD users 3. Update user name and satus attributes of undefined user ",
              "timedOut": false,
              "duration": 548,
              "state": "passed",
              "speed": "slow",
              "pass": true,
              "fail": false,
              "pending": false,
              "context": null,
              "code": "return _supertest[\"default\"].put(\"/users/\".concat(userId)).set('Authorization', \"Bearer \".concat(TOKEN)).send(USER_NEW_DATA).then(function (res) {\n  (0, _chai.expect)(res.body.code).to.deep.eq(200);\n  (0, _chai.expect)(res.body.data.name).to.deep.eq(USER_NEW_DATA.name);\n  (0, _chai.expect)(res.body.data.status).to.deep.eq(USER_NEW_DATA.status);\n  console.log(userId);\n});",
              "err": {},
              "uuid": "8b072fc5-f49f-434a-89ea-ed448bf6bbec",
              "parentUUID": "6ad80da8-0d8a-4b38-90bf-1e9b9f026cdd",
              "isHook": false,
              "skipped": false
            },
            {
              "title": "4. Delete user and verify that his data returnes as null",
              "fullTitle": "Positive tests for CRUD users 4. Delete user and verify that his data returnes as null",
              "timedOut": false,
              "duration": 530,
              "state": "passed",
              "speed": "slow",
              "pass": true,
              "fail": false,
              "pending": false,
              "context": null,
              "code": "return _supertest[\"default\"][\"delete\"](\"/users/\".concat(userId)).set('Authorization', \"Bearer \".concat(TOKEN)).then(function (res) {\n  (0, _chai.expect)(res.body.data).to.deep.eq(null);\n  console.log(userId);\n});",
              "err": {},
              "uuid": "e9a8a29e-6d63-4561-b1b0-045ea3dba22a",
              "parentUUID": "6ad80da8-0d8a-4b38-90bf-1e9b9f026cdd",
              "isHook": false,
              "skipped": false
            }
          ],
          "suites": [],
          "passes": [
            "4c36341f-8516-4e4f-bbbb-98cee3d662b1",
            "c3f30919-1302-4a57-9e9c-9b18607c46c3",
            "8b072fc5-f49f-434a-89ea-ed448bf6bbec",
            "e9a8a29e-6d63-4561-b1b0-045ea3dba22a"
          ],
          "failures": [],
          "pending": [],
          "skipped": [],
          "duration": 2238,
          "root": false,
          "rootEmpty": false,
          "_timeout": 5000
        },
        {
          "uuid": "2d90904e-fa11-48b9-908c-24282f5ced40",
          "title": "Negative test for create users",
          "fullFile": "D:\\repositories\\api-tests\\test\\usersCRUD.js",
          "file": "\\test\\usersCRUD.js",
          "beforeHooks": [],
          "afterHooks": [],
          "tests": [
            {
              "title": "4. Inability to create user account with empty user data",
              "fullTitle": "Negative test for create users 4. Inability to create user account with empty user data",
              "timedOut": false,
              "duration": 614,
              "state": "passed",
              "speed": "slow",
              "pass": true,
              "fail": false,
              "pending": false,
              "context": null,
              "code": "return _supertest[\"default\"].post('/users').set('Authorization', \"Bearer \".concat(TOKEN)).send(USER_EMPTY_DATA).then(function (res) {\n  (0, _chai.expect)(res.body.code).to.deep.eq(422);\n  res.body.data.forEach(function (data) {\n    (0, _chai.expect)(data.message).to.eq(\"can't be blank\");\n  });\n});",
              "err": {},
              "uuid": "da59c5ea-8a44-4a1f-9146-272561ebb703",
              "parentUUID": "2d90904e-fa11-48b9-908c-24282f5ced40",
              "isHook": false,
              "skipped": false
            }
          ],
          "suites": [],
          "passes": [
            "da59c5ea-8a44-4a1f-9146-272561ebb703"
          ],
          "failures": [],
          "pending": [],
          "skipped": [],
          "duration": 614,
          "root": false,
          "rootEmpty": false,
          "_timeout": 5000
        },
        {
          "uuid": "9a5f2fa1-368c-4f9d-a86f-0fd3d5562737",
          "title": "List of User Accounts",
          "fullFile": "D:\\repositories\\api-tests\\test\\usersList.js",
          "file": "\\test\\usersList.js",
          "beforeHooks": [],
          "afterHooks": [],
          "tests": [
            {
              "title": "1. Get list of users and verify that it is not empty (using \"done\" callback)",
              "fullTitle": "List of User Accounts 1. Get list of users and verify that it is not empty (using \"done\" callback)",
              "timedOut": false,
              "duration": 612,
              "state": "passed",
              "speed": "slow",
              "pass": true,
              "fail": false,
              "pending": false,
              "context": null,
              "code": "_supertest[\"default\"].get(\"users?access-token=\".concat(TOKEN)).end(function (err, res) {\n  console.log(\"error: \", err);\n  (0, _chai.expect)(res.body.data).to.not.be.empty;\n  done();\n});",
              "err": {},
              "uuid": "1ab337b9-c5a4-4e6c-82a8-05862639143a",
              "parentUUID": "9a5f2fa1-368c-4f9d-a86f-0fd3d5562737",
              "isHook": false,
              "skipped": false
            },
            {
              "title": "2. Get list of users and verify that it is not empty (using promise)",
              "fullTitle": "List of User Accounts 2. Get list of users and verify that it is not empty (using promise)",
              "timedOut": false,
              "duration": 618,
              "state": "passed",
              "speed": "slow",
              "pass": true,
              "fail": false,
              "pending": false,
              "context": null,
              "code": "return _supertest[\"default\"].get(\"/users?access-token=\".concat(TOKEN)).then(function (res) {\n  (0, _chai.expect)(res.body.data).to.not.be.empty;\n});",
              "err": {},
              "uuid": "61999e13-8e87-43ac-92ac-e36d289c697a",
              "parentUUID": "9a5f2fa1-368c-4f9d-a86f-0fd3d5562737",
              "isHook": false,
              "skipped": false
            },
            {
              "title": "3. Get list of users with the following filter params: female, active, from page 5",
              "fullTitle": "List of User Accounts 3. Get list of users with the following filter params: female, active, from page 5",
              "timedOut": false,
              "duration": 604,
              "state": "passed",
              "speed": "slow",
              "pass": true,
              "fail": false,
              "pending": false,
              "context": null,
              "code": "var URL = \"/users?access-token=\".concat(TOKEN, \"&gender=female&status=active&page=5\");\nreturn _supertest[\"default\"].get(URL).then(function (res) {\n  res.body.data.forEach(function (data) {\n    (0, _chai.expect)(data.gender).to.eq('female');\n    (0, _chai.expect)(data.status).to.eq('active');\n  });\n});",
              "err": {},
              "uuid": "aca87d16-42c0-4f40-886c-0db0ce027efa",
              "parentUUID": "9a5f2fa1-368c-4f9d-a86f-0fd3d5562737",
              "isHook": false,
              "skipped": false
            }
          ],
          "suites": [],
          "passes": [
            "1ab337b9-c5a4-4e6c-82a8-05862639143a",
            "61999e13-8e87-43ac-92ac-e36d289c697a",
            "aca87d16-42c0-4f40-886c-0db0ce027efa"
          ],
          "failures": [],
          "pending": [],
          "skipped": [],
          "duration": 1834,
          "root": false,
          "rootEmpty": false,
          "_timeout": 5000
        }
      ],
      "passes": [],
      "failures": [],
      "pending": [],
      "skipped": [],
      "duration": 0,
      "root": true,
      "rootEmpty": true,
      "_timeout": 5000
    }
  ],
  "meta": {
    "mocha": {
      "version": "10.0.0"
    },
    "mochawesome": {
      "options": {
        "quiet": false,
        "reportFilename": "mochawesome",
        "saveHtml": true,
        "saveJson": true,
        "consoleReporter": "spec",
        "useInlineDiffs": false,
        "code": true
      },
      "version": "7.1.3"
    },
    "marge": {
      "options": null,
      "version": "6.2.0"
    }
  }
}